#
# A fatal error has been detected by the Java Runtime Environment:
#
#  SIGSEGV (0xb) at pc=0x00007b6234dadfcc, pid=8628, tid=0x00007b6293801700
#
# JRE version: OpenJDK Runtime Environment (8.0_212-b03) (build 1.8.0_212-20190420092731.buildslave.jdk8u-src-tar--b03)
# Java VM: OpenJDK GraalVM CE 19.0.0 (25.212-b03-jvmci-19-b01 mixed mode linux-amd64 compressed oops)
# Problematic frame:
# C  [libglfw.so+0x13fcc]
#
# Failed to write core dump. Core dumps have been disabled. To enable core dumping, try "ulimit -c unlimited" before starting Java again
#
# If you would like to submit a bug report, please visit:
#   http://bugreport.java.com/bugreport/crash.jsp
# The crash happened outside the Java Virtual Machine in native code.
# See problematic frame for where to report the bug.
#

---------------  T H R E A D  ---------------

Current thread (0x00007b628c00d800):  JavaThread "main" [_thread_in_native, id=8633, stack(0x00007b6293702000,0x00007b6293802000)]

siginfo: si_signo: 11 (SIGSEGV), si_code: 1 (SEGV_MAPERR), si_addr: 0x0000000000000017

Registers:
RAX=0x0000000000000001, RBX=0x00007b628c4ce1c0, RCX=0x000000000000eff5, RDX=0x00007b628c3ffbe0
RSP=0x00007b62938000d0, RBP=0x00007b6234fde260, RSI=0x0000000000000000, RDI=0xffffffffffffffff
R8 =0x0000000000000000, R9 =0x0000000000000000, R10=0x0000000000000545, R11=0x00007b6234a97ba0
R12=0x00007b6293800190, R13=0x00007b6293800270, R14=0x00007b628c496dd0, R15=0x00007b6234fde260
RIP=0x00007b6234dadfcc, EFLAGS=0x0000000000010246, CSGSFS=0x002b000000000033, ERR=0x0000000000000004
  TRAPNO=0x000000000000000e

Top of Stack: (sp=0x00007b62938000d0)
0x00007b62938000d0:   0000000000000000 0000000000000000
0x00007b62938000e0:   00007b6293800270 4bbee19b12845400
0x00007b62938000f0:   0000000001400007 4bbee19b12845400
0x00007b6293800100:   00007b6293800300 00007b628c4ce1c0
0x00007b6293800110:   00007b6293800300 00007b6234db0d0d
0x00007b6293800120:   00007b629380017c 00007b6293800190
0x00007b6293800130:   0000000000000001 00007b628c419ab0
0x00007b6293800140:   0000000000002808 00007b6293800190
0x00007b6293800150:   00007b628c00d800 00007b628c489f60
0x00007b6293800160:   00000018000002d0 00007b62938002b0
0x00007b6293800170:   0000000000000018 0000000000000000
0x00007b6293800180:   00007b628c419ab0 00007b6292b36280
0x00007b6293800190:   0000000000000000 000002d000000500
0x00007b62938001a0:   0000001800000000 00007b628c419ab0
0x00007b62938001b0:   000000000000039c 0000000000000001
0x00007b62938001c0:   0000000000000001 00000000ffffffff
0x00007b62938001d0:   0000000000000000 0000000000000000
0x00007b62938001e0:   0000000001400006 0000000000000000
0x00007b62938001f0:   000000000063807f 000000000063807f
0x00007b6293800200:   0000000000000000 0000000000000000
0x00007b6293800210:   00007b628c400070 00007b628c5a4600
0x00007b6293800220:   00007b6293800270 00007b6234fde260
0x00007b6293800230:   00007b628c4ce1c0 0000000000000500
0x00007b6293800240:   00000000000002d0 0000000000000000
0x00007b6293800250:   00007b6293800270 00007b6234da8a5b
0x00007b6293800260:   ffffffffffffffff 00007b6293800300
0x00007b6293800270:   0003600100030001 0000000000000001
0x00007b6293800280:   0000000000000000 0000000000000000
0x00007b6293800290:   0000000000000000 0000000000000000
0x00007b62938002a0:   0000000000000000 00007b62921eb8cb
0x00007b62938002b0:   0000000800000008 0000000800000008
0x00007b62938002c0:   0000000800000018 0000000000000000 

Instructions: (pc=0x00007b6234dadfcc)
0x00007b6234dadfac:   80 30 ff ff 48 8b bd c0 fe 01 00 31 c9 31 d2 31
0x00007b6234dadfbc:   f6 41 b8 02 00 00 00 e8 38 36 ff ff 48 8b 7b 40
0x00007b6234dadfcc:   48 83 7f 18 00 0f 85 42 ff ff ff 83 85 50 06 02
0x00007b6234dadfdc:   00 01 e9 36 ff ff ff 0f 1f 00 66 2e 0f 1f 84 00 

Register to memory mapping:

RAX=0x0000000000000001 is an unknown value
RBX=0x00007b628c4ce1c0 is an unknown value
RCX=0x000000000000eff5 is an unknown value
RDX=0x00007b628c3ffbe0 is an unknown value
RSP=0x00007b62938000d0 is pointing into the stack for thread: 0x00007b628c00d800
RBP=0x00007b6234fde260: <offset 0x244260> in /tmp/lwjgljediburrell/3.2.3-build-13/libglfw.so at 0x00007b6234d9a000
RSI=0x0000000000000000 is an unknown value
RDI=0xffffffffffffffff is an unknown value
R8 =0x0000000000000000 is an unknown value
R9 =0x0000000000000000 is an unknown value
R10=0x0000000000000545 is an unknown value
R11=0x00007b6234a97ba0: XSetScreenSaver+0 in /usr/lib/x86_64-linux-gnu/libX11.so.6 at 0x00007b6234a5a000
R12=0x00007b6293800190 is pointing into the stack for thread: 0x00007b628c00d800
R13=0x00007b6293800270 is pointing into the stack for thread: 0x00007b628c00d800
R14=0x00007b628c496dd0 is an unknown value
R15=0x00007b6234fde260: <offset 0x244260> in /tmp/lwjgljediburrell/3.2.3-build-13/libglfw.so at 0x00007b6234d9a000


Stack: [0x00007b6293702000,0x00007b6293802000],  sp=0x00007b62938000d0,  free space=1016k
Native frames: (J=compiled Java code, j=interpreted, Vv=VM code, C=native code)
C  [libglfw.so+0x13fcc]

Java frames: (J=compiled Java code, j=interpreted, Vv=VM code)
j  org.lwjgl.system.JNI.invokePPPP(IIJJJJ)J+0
j  org.lwjgl.glfw.GLFW.nglfwCreateWindow(IIJJJ)J+14
j  org.lwjgl.glfw.GLFW.glfwCreateWindow(IILjava/lang/CharSequence;JJ)J+37
j  io.qwerty.neo.backend.desktop.DesktopNeo.init()V+93
j  com.jediburrell.neosample.MainKt.main()V+31
j  com.jediburrell.neosample.MainKt.main([Ljava/lang/String;)V+0
v  ~StubRoutines::call_stub

---------------  P R O C E S S  ---------------

Java Threads: ( => current thread )
  0x00007b6250001000 JavaThread "Attach Listener" daemon [_thread_in_native, id=8659, stack(0x00007b626c08f000,0x00007b626c190000)]
  0x00007b628c2a0800 JavaThread "Service Thread" daemon [_thread_blocked, id=8657, stack(0x00007b626f8fc000,0x00007b626f9fd000)]
  0x00007b628c27b800 JavaThread "C1 CompilerThread2" daemon [_thread_blocked, id=8656, stack(0x00007b626f9fe000,0x00007b626fbfe000)]
  0x00007b628c275800 JavaThread "JVMCI-native CompilerThread1" daemon [_thread_blocked, id=8655, stack(0x00007b626fbff000,0x00007b626fdff000)]
  0x00007b628c274000 JavaThread "JVMCI-native CompilerThread0" daemon [_thread_blocked, id=8654, stack(0x00007b626fe00000,0x00007b6270000000)]
  0x00007b628c271000 JavaThread "Monitor Ctrl-Break" daemon [_thread_in_native, id=8653, stack(0x00007b6274096000,0x00007b6274197000)]
  0x00007b628c185000 JavaThread "Signal Dispatcher" daemon [_thread_blocked, id=8652, stack(0x00007b6274197000,0x00007b6274298000)]
  0x00007b628c151800 JavaThread "Finalizer" daemon [_thread_blocked, id=8649, stack(0x00007b6274433000,0x00007b6274534000)]
  0x00007b628c14d000 JavaThread "Reference Handler" daemon [_thread_blocked, id=8647, stack(0x00007b6274534000,0x00007b6274635000)]
=>0x00007b628c00d800 JavaThread "main" [_thread_in_native, id=8633, stack(0x00007b6293702000,0x00007b6293802000)]

Other Threads:
  0x00007b628c145800 VMThread [stack: 0x00007b6274636000,0x00007b6274736000] [id=8644]
  0x00007b628c2a2800 WatcherThread [stack: 0x00007b626c5e3000,0x00007b626c6e3000] [id=8658]

VM state:not at safepoint (normal execution)

VM Mutex/Monitor currently owned by a thread: None

heap address: 0x00000000b2800000, size: 1240 MB, Compressed Oops mode: 32-bit
Narrow klass base: 0x0000000000000000, Narrow klass shift: 3
Compressed class space size: 1073741824 Address: 0x0000000100000000

Heap:
 PSYoungGen      total 23552K, used 12351K [0x00000000e6300000, 0x00000000e7d00000, 0x0000000100000000)
  eden space 20480K, 60% used [0x00000000e6300000,0x00000000e6f0fd48,0x00000000e7700000)
  from space 3072K, 0% used [0x00000000e7a00000,0x00000000e7a00000,0x00000000e7d00000)
  to   space 3072K, 0% used [0x00000000e7700000,0x00000000e7700000,0x00000000e7a00000)
 ParOldGen       total 53248K, used 0K [0x00000000b2800000, 0x00000000b5c00000, 0x00000000e6300000)
  object space 53248K, 0% used [0x00000000b2800000,0x00000000b2800000,0x00000000b5c00000)
 Metaspace       used 6559K, capacity 6828K, committed 7040K, reserved 1056768K
  class space    used 668K, capacity 773K, committed 896K, reserved 1048576K

Card table byte_map: [0x00007b627cd93000,0x00007b627d000000] byte_map_base: 0x00007b627c7ff000

Marking Bits: (ParMarkBitMap*) 0x00007b6292c043a0
 Begin Bits: [0x00007b6275940000, 0x00007b6276ca0000)
 End Bits:   [0x00007b6276ca0000, 0x00007b6278000000)

Polling page: 0x00007b629381a000

CodeCache: size=245760Kb used=2201Kb max_used=2201Kb free=243559Kb
 bounds [0x00007b627d000000, 0x00007b627d270000, 0x00007b628c000000]
 total_blobs=1199 nmethods=394 adapters=726
 compilation: enabled

Compilation events (10 events):
Event: 0.912 Thread 0x00007b628c27b800  390       3       java.lang.ref.WeakReference::<init> (7 bytes)
Event: 0.912 Thread 0x00007b628c27b800 nmethod 390 0x00007b627d1e0e90 code [0x00007b627d1e1000, 0x00007b627d1e12b0]
Event: 1.049 Thread 0x00007b628c27b800  391   !   3       java.net.URLClassLoader::findClass (47 bytes)
Event: 1.049 Thread 0x00007b628c27b800 nmethod 391 0x00007b627d222d10 code [0x00007b627d222ec0, 0x00007b627d223758]
Event: 1.049 Thread 0x00007b628c27b800  393       3       java.util.jar.JarFile::maybeInstantiateVerifier (96 bytes)
Event: 1.050 Thread 0x00007b628c27b800 nmethod 393 0x00007b627d223950 code [0x00007b627d223b80, 0x00007b627d224508]
Event: 1.050 Thread 0x00007b628c27b800  392       3       java.net.URLClassLoader$1::<init> (15 bytes)
Event: 1.050 Thread 0x00007b628c27b800 nmethod 392 0x00007b627d224910 code [0x00007b627d224a80, 0x00007b627d224c50]
Event: 1.050 Thread 0x00007b628c27b800  394       3       java.security.CodeSource::getCertificates (98 bytes)
Event: 1.056 Thread 0x00007b628c27b800 nmethod 394 0x00007b627d224d10 code [0x00007b627d224f40, 0x00007b627d2264b8]

GC Heap History (0 events):
No events

Class unloading (0 events):
No events

Deoptimization events (1 events):
Event: 0.881 Thread 0x00007b628c00d800 Uncommon trap: reason=null_assert_or_unreached0 action=reinterpret pc=0x00007b627d1bd02e method=java.lang.String.replace(CC)Ljava/lang/String; @ 20

Classes redefined (0 events):
No events

Internal exceptions (10 events):
Event: 0.681 Thread 0x00007b628c00d800 Exception <a 'java/lang/NoSuchFieldError': method resolution failed> (0x00000000e699b780) thrown at [/b/b/e/main/graal-jvmci-8/src/share/vm/prims/methodHandles.cpp, line 1167]
Event: 0.683 Thread 0x00007b628c00d800 Exception <a 'java/lang/NoSuchFieldError': method resolution failed> (0x00000000e69a9658) thrown at [/b/b/e/main/graal-jvmci-8/src/share/vm/prims/methodHandles.cpp, line 1167]
Event: 0.834 Thread 0x00007b628c00d800 Exception <a 'java/security/PrivilegedActionException'> (0x00000000e6c9ee98) thrown at [/b/b/e/main/graal-jvmci-8/src/share/vm/prims/jvm.cpp, line 1504]
Event: 0.834 Thread 0x00007b628c00d800 Exception <a 'java/security/PrivilegedActionException'> (0x00000000e6c9f0a8) thrown at [/b/b/e/main/graal-jvmci-8/src/share/vm/prims/jvm.cpp, line 1504]
Event: 0.834 Thread 0x00007b628c00d800 Exception <a 'java/security/PrivilegedActionException'> (0x00000000e6ca1630) thrown at [/b/b/e/main/graal-jvmci-8/src/share/vm/prims/jvm.cpp, line 1504]
Event: 0.834 Thread 0x00007b628c00d800 Exception <a 'java/security/PrivilegedActionException'> (0x00000000e6ca1840) thrown at [/b/b/e/main/graal-jvmci-8/src/share/vm/prims/jvm.cpp, line 1504]
Event: 0.834 Thread 0x00007b628c00d800 Exception <a 'java/security/PrivilegedActionException'> (0x00000000e6ca34f0) thrown at [/b/b/e/main/graal-jvmci-8/src/share/vm/prims/jvm.cpp, line 1504]
Event: 0.834 Thread 0x00007b628c00d800 Exception <a 'java/security/PrivilegedActionException'> (0x00000000e6ca3700) thrown at [/b/b/e/main/graal-jvmci-8/src/share/vm/prims/jvm.cpp, line 1504]
Event: 0.857 Thread 0x00007b628c00d800 Exception <a 'sun/nio/fs/UnixException'> (0x00000000e6ce97c0) thrown at [/b/b/e/main/graal-jvmci-8/src/share/vm/prims/jni.cpp, line 714]
Event: 0.872 Thread 0x00007b628c00d800 Exception <a 'sun/nio/fs/UnixException'> (0x00000000e6d0ed08) thrown at [/b/b/e/main/graal-jvmci-8/src/share/vm/prims/jni.cpp, line 714]

Events (10 events):
Event: 0.900 loading class org/lwjgl/BufferUtils done
Event: 0.906 loading class org/lwjgl/system/linux/DynamicLinkLoader
Event: 0.906 loading class org/lwjgl/system/linux/DynamicLinkLoader done
Event: 0.908 loading class org/lwjgl/glfw/GLFW$Functions
Event: 0.908 loading class org/lwjgl/glfw/GLFW$Functions done
Event: 0.910 loading class org/lwjgl/system/JNI
Event: 0.910 loading class org/lwjgl/system/JNI done
Event: 1.049 loading class org/lwjgl/glfw/EventLoop$OffScreen
Event: 1.049 loading class org/lwjgl/glfw/EventLoop$OffScreen done
Event: 1.067 Thread 0x00007b6250001000 Thread added: 0x00007b6250001000


Dynamic libraries:
00400000-00401000 r-xp 00000000 00:28 319267                             /home/jediburrell/devel/install/graalvm-ce-19.0.0/bin/java
00600000-00601000 r--p 00000000 00:28 319267                             /home/jediburrell/devel/install/graalvm-ce-19.0.0/bin/java
00601000-00602000 rw-p 00001000 00:28 319267                             /home/jediburrell/devel/install/graalvm-ce-19.0.0/bin/java
00885000-008a6000 rw-p 00000000 00:00 0                                  [heap]
b2800000-b5c00000 rw-p 00000000 00:00 0 
b5c00000-e6300000 ---p 00000000 00:00 0 
e6300000-e7d00000 rw-p 00000000 00:00 0 
e7d00000-100000000 ---p 00000000 00:00 0 
100000000-1000e0000 rw-p 00000000 00:00 0 
1000e0000-140000000 ---p 00000000 00:00 0 
7b6226baf000-7b6226bd1000 r-xp 00000000 00:28 1890                       /lib/x86_64-linux-gnu/libncurses.so.5.9
7b6226bd1000-7b6226dd0000 ---p 00022000 00:28 1890                       /lib/x86_64-linux-gnu/libncurses.so.5.9
7b6226dd0000-7b6226dd1000 r--p 00021000 00:28 1890                       /lib/x86_64-linux-gnu/libncurses.so.5.9
7b6226dd1000-7b6226dd2000 rw-p 00022000 00:28 1890                       /lib/x86_64-linux-gnu/libncurses.so.5.9
7b6226dd2000-7b6226df8000 r-xp 00000000 00:28 1941                       /lib/x86_64-linux-gnu/libtinfo.so.5.9
7b6226df8000-7b6226ff7000 ---p 00026000 00:28 1941                       /lib/x86_64-linux-gnu/libtinfo.so.5.9
7b6226ff7000-7b6226ffb000 r--p 00025000 00:28 1941                       /lib/x86_64-linux-gnu/libtinfo.so.5.9
7b6226ffb000-7b6226ffc000 rw-p 00029000 00:28 1941                       /lib/x86_64-linux-gnu/libtinfo.so.5.9
7b6226ffc000-7b622702d000 r-xp 00000000 00:28 5241                       /usr/lib/x86_64-linux-gnu/libedit.so.2.0.55
7b622702d000-7b622722d000 ---p 00031000 00:28 5241                       /usr/lib/x86_64-linux-gnu/libedit.so.2.0.55
7b622722d000-7b622722f000 r--p 00031000 00:28 5241                       /usr/lib/x86_64-linux-gnu/libedit.so.2.0.55
7b622722f000-7b6227230000 rw-p 00033000 00:28 5241                       /usr/lib/x86_64-linux-gnu/libedit.so.2.0.55
7b6227230000-7b6227234000 rw-p 00000000 00:00 0 
7b6227234000-7b622723b000 r-xp 00000000 00:28 5251                       /usr/lib/x86_64-linux-gnu/libffi.so.6.0.4
7b622723b000-7b622743b000 ---p 00007000 00:28 5251                       /usr/lib/x86_64-linux-gnu/libffi.so.6.0.4
7b622743b000-7b622743c000 r--p 00007000 00:28 5251                       /usr/lib/x86_64-linux-gnu/libffi.so.6.0.4
7b622743c000-7b622743d000 rw-p 00008000 00:28 5251                       /usr/lib/x86_64-linux-gnu/libffi.so.6.0.4
7b622743d000-7b6227453000 r-xp 00000000 00:28 1861                       /lib/x86_64-linux-gnu/libgcc_s.so.1
7b6227453000-7b6227652000 ---p 00016000 00:28 1861                       /lib/x86_64-linux-gnu/libgcc_s.so.1
7b6227652000-7b6227653000 r--p 00015000 00:28 1861                       /lib/x86_64-linux-gnu/libgcc_s.so.1
7b6227653000-7b6227654000 rw-p 00016000 00:28 1861                       /lib/x86_64-linux-gnu/libgcc_s.so.1
7b6227654000-7b62277c6000 r-xp 00000000 00:28 5491                       /usr/lib/x86_64-linux-gnu/libstdc++.so.6.0.22
7b62277c6000-7b62279c6000 ---p 00172000 00:28 5491                       /usr/lib/x86_64-linux-gnu/libstdc++.so.6.0.22
7b62279c6000-7b62279d0000 r--p 00172000 00:28 5491                       /usr/lib/x86_64-linux-gnu/libstdc++.so.6.0.22
7b62279d0000-7b62279d2000 rw-p 0017c000 00:28 5491                       /usr/lib/x86_64-linux-gnu/libstdc++.so.6.0.22
7b62279d2000-7b62279d6000 rw-p 00000000 00:00 0 
7b62279d6000-7b62279dd000 r-xp 00000000 00:28 339107                     /usr/lib/x86_64-linux-gnu/libdrm_nouveau.so.2.0.0
7b62279dd000-7b6227bdc000 ---p 00007000 00:28 339107                     /usr/lib/x86_64-linux-gnu/libdrm_nouveau.so.2.0.0
7b6227bdc000-7b6227bdd000 r--p 00006000 00:28 339107                     /usr/lib/x86_64-linux-gnu/libdrm_nouveau.so.2.0.0
7b6227bdd000-7b6227bde000 rw-p 00007000 00:28 339107                     /usr/lib/x86_64-linux-gnu/libdrm_nouveau.so.2.0.0
7b6227bde000-7b6227be6000 r-xp 00000000 00:28 339071                     /usr/lib/x86_64-linux-gnu/libdrm_amdgpu.so.1.0.0
7b6227be6000-7b6227de6000 ---p 00008000 00:28 339071                     /usr/lib/x86_64-linux-gnu/libdrm_amdgpu.so.1.0.0
7b6227de6000-7b6227de7000 r--p 00008000 00:28 339071                     /usr/lib/x86_64-linux-gnu/libdrm_amdgpu.so.1.0.0
7b6227de7000-7b6227de8000 rw-p 00009000 00:28 339071                     /usr/lib/x86_64-linux-gnu/libdrm_amdgpu.so.1.0.0
7b6227de8000-7b6227dff000 r-xp 00000000 00:28 5242                       /usr/lib/x86_64-linux-gnu/libelf-0.168.so
7b6227dff000-7b6227ffe000 ---p 00017000 00:28 5242                       /usr/lib/x86_64-linux-gnu/libelf-0.168.so
7b6227ffe000-7b6227fff000 r--p 00016000 00:28 5242                       /usr/lib/x86_64-linux-gnu/libelf-0.168.so
7b6227fff000-7b6228000000 rw-p 00017000 00:28 5242                       /usr/lib/x86_64-linux-gnu/libelf-0.168.so
7b6228000000-7b6228021000 rw-p 00000000 00:00 0 
7b6228021000-7b622c000000 ---p 00000000 00:00 0 
7b622c08a000-7b622c095000 r-xp 00000000 00:28 339137                     /usr/lib/x86_64-linux-gnu/libdrm_radeon.so.1.0.1
7b622c095000-7b622c294000 ---p 0000b000 00:28 339137                     /usr/lib/x86_64-linux-gnu/libdrm_radeon.so.1.0.1
7b622c294000-7b622c295000 r--p 0000a000 00:28 339137                     /usr/lib/x86_64-linux-gnu/libdrm_radeon.so.1.0.1
7b622c295000-7b622c296000 rw-p 0000b000 00:28 339137                     /usr/lib/x86_64-linux-gnu/libdrm_radeon.so.1.0.1
7b622c296000-7b622c2a4000 r-xp 00000000 00:28 5467                       /usr/lib/x86_64-linux-gnu/libsensors.so.4.4.0
7b622c2a4000-7b622c4a3000 ---p 0000e000 00:28 5467                       /usr/lib/x86_64-linux-gnu/libsensors.so.4.4.0
7b622c4a3000-7b622c4a4000 r--p 0000d000 00:28 5467                       /usr/lib/x86_64-linux-gnu/libsensors.so.4.4.0
7b622c4a4000-7b622c4a5000 rw-p 0000e000 00:28 5467                       /usr/lib/x86_64-linux-gnu/libsensors.so.4.4.0
7b622c4a5000-7b622fa0c000 r-xp 00000000 00:28 371846                     /usr/lib/x86_64-linux-gnu/libLLVM-7.so.1
7b622fa0c000-7b622fa0d000 ---p 03567000 00:28 371846                     /usr/lib/x86_64-linux-gnu/libLLVM-7.so.1
7b622fa0d000-7b622fdff000 r--p 03567000 00:28 371846                     /usr/lib/x86_64-linux-gnu/libLLVM-7.so.1
7b622fdff000-7b622fe2b000 rw-p 03959000 00:28 371846                     /usr/lib/x86_64-linux-gnu/libLLVM-7.so.1
7b622fe2b000-7b622fe8f000 rw-p 00000000 00:00 0 
7b622fe8f000-7b6230b4f000 r-xp 00000000 00:28 1041942                    /usr/lib/x86_64-linux-gnu/dri/virtio_gpu_dri.so
7b6230b4f000-7b6230d4f000 ---p 00cc0000 00:28 1041942                    /usr/lib/x86_64-linux-gnu/dri/virtio_gpu_dri.so
7b6230d4f000-7b6230dcd000 r--p 00cc0000 00:28 1041942                    /usr/lib/x86_64-linux-gnu/dri/virtio_gpu_dri.so
7b6230dcd000-7b6230e07000 rw-p 00d3e000 00:28 1041942                    /usr/lib/x86_64-linux-gnu/dri/virtio_gpu_dri.so
7b6230e07000-7b6231019000 rw-p 00000000 00:00 0 
7b6231019000-7b6231040000 r-xp 00000000 00:28 905793                     /lib/x86_64-linux-gnu/libexpat.so.1.6.2
7b6231040000-7b6231240000 ---p 00027000 00:28 905793                     /lib/x86_64-linux-gnu/libexpat.so.1.6.2
7b6231240000-7b6231242000 r--p 00027000 00:28 905793                     /lib/x86_64-linux-gnu/libexpat.so.1.6.2
7b6231242000-7b6231243000 rw-p 00029000 00:28 905793                     /lib/x86_64-linux-gnu/libexpat.so.1.6.2
7b6231243000-7b6231244000 r-xp 00000000 00:28 5595                       /usr/lib/x86_64-linux-gnu/libxshmfence.so.1.0.0
7b6231244000-7b6231443000 ---p 00001000 00:28 5595                       /usr/lib/x86_64-linux-gnu/libxshmfence.so.1.0.0
7b6231443000-7b6231444000 r--p 00000000 00:28 5595                       /usr/lib/x86_64-linux-gnu/libxshmfence.so.1.0.0
7b6231444000-7b6231445000 rw-p 00001000 00:28 5595                       /usr/lib/x86_64-linux-gnu/libxshmfence.so.1.0.0
7b6231445000-7b623144b000 r-xp 00000000 00:28 5577                       /usr/lib/x86_64-linux-gnu/libxcb-sync.so.1.0.0
7b623144b000-7b623164a000 ---p 00006000 00:28 5577                       /usr/lib/x86_64-linux-gnu/libxcb-sync.so.1.0.0
7b623164a000-7b623164b000 r--p 00005000 00:28 5577                       /usr/lib/x86_64-linux-gnu/libxcb-sync.so.1.0.0
7b623164b000-7b623164c000 rw-p 00006000 00:28 5577                       /usr/lib/x86_64-linux-gnu/libxcb-sync.so.1.0.0
7b623164c000-7b623164e000 r-xp 00000000 00:28 5565                       /usr/lib/x86_64-linux-gnu/libxcb-present.so.0.0.0
7b623164e000-7b623184d000 ---p 00002000 00:28 5565                       /usr/lib/x86_64-linux-gnu/libxcb-present.so.0.0.0
7b623184d000-7b623184e000 r--p 00001000 00:28 5565                       /usr/lib/x86_64-linux-gnu/libxcb-present.so.0.0.0
7b623184e000-7b623184f000 rw-p 00002000 00:28 5565                       /usr/lib/x86_64-linux-gnu/libxcb-present.so.0.0.0
7b623184f000-7b6231851000 r-xp 00000000 00:28 5555                       /usr/lib/x86_64-linux-gnu/libxcb-dri3.so.0.0.0
7b6231851000-7b6231a50000 ---p 00002000 00:28 5555                       /usr/lib/x86_64-linux-gnu/libxcb-dri3.so.0.0.0
7b6231a50000-7b6231a51000 r--p 00001000 00:28 5555                       /usr/lib/x86_64-linux-gnu/libxcb-dri3.so.0.0.0
7b6231a51000-7b6231a52000 rw-p 00002000 00:28 5555                       /usr/lib/x86_64-linux-gnu/libxcb-dri3.so.0.0.0
7b6231a52000-7b6231a54000 r-xp 00000000 00:28 5134                       /usr/lib/x86_64-linux-gnu/libXdamage.so.1.1.0
7b6231a54000-7b6231c53000 ---p 00002000 00:28 5134                       /usr/lib/x86_64-linux-gnu/libXdamage.so.1.1.0
7b6231c53000-7b6231c54000 r--p 00001000 00:28 5134                       /usr/lib/x86_64-linux-gnu/libXdamage.so.1.1.0
7b6231c54000-7b6231c55000 rw-p 00002000 00:28 5134                       /usr/lib/x86_64-linux-gnu/libXdamage.so.1.1.0
7b6231c55000-7b6231c59000 r-xp 00000000 00:28 5553                       /usr/lib/x86_64-linux-gnu/libxcb-dri2.so.0.0.0
7b6231c59000-7b6231e58000 ---p 00004000 00:28 5553                       /usr/lib/x86_64-linux-gnu/libxcb-dri2.so.0.0.0
7b6231e58000-7b6231e59000 r--p 00003000 00:28 5553                       /usr/lib/x86_64-linux-gnu/libxcb-dri2.so.0.0.0
7b6231e59000-7b6231e5a000 rw-p 00004000 00:28 5553                       /usr/lib/x86_64-linux-gnu/libxcb-dri2.so.0.0.0
7b6231e5a000-7b6231e72000 r-xp 00000000 00:28 5557                       /usr/lib/x86_64-linux-gnu/libxcb-glx.so.0.0.0
7b6231e72000-7b6232072000 ---p 00018000 00:28 5557                       /usr/lib/x86_64-linux-gnu/libxcb-glx.so.0.0.0
7b6232072000-7b6232074000 r--p 00018000 00:28 5557                       /usr/lib/x86_64-linux-gnu/libxcb-glx.so.0.0.0
7b6232074000-7b6232075000 rw-p 0001a000 00:28 5557                       /usr/lib/x86_64-linux-gnu/libxcb-glx.so.0.0.0
7b6232075000-7b6232085000 r-xp 00000000 00:28 339046                     /usr/lib/x86_64-linux-gnu/libdrm.so.2.4.0
7b6232085000-7b6232284000 ---p 00010000 00:28 339046                     /usr/lib/x86_64-linux-gnu/libdrm.so.2.4.0
7b6232284000-7b6232285000 r--p 0000f000 00:28 339046                     /usr/lib/x86_64-linux-gnu/libdrm.so.2.4.0
7b6232285000-7b6232286000 rw-p 00010000 00:28 339046                     /usr/lib/x86_64-linux-gnu/libdrm.so.2.4.0
7b6232286000-7b62322b3000 r-xp 00000000 00:28 1042009                    /usr/lib/x86_64-linux-gnu/libglapi.so.0.0.0
7b62322b3000-7b62324b2000 ---p 0002d000 00:28 1042009                    /usr/lib/x86_64-linux-gnu/libglapi.so.0.0.0
7b62324b2000-7b62324b6000 r--p 0002c000 00:28 1042009                    /usr/lib/x86_64-linux-gnu/libglapi.so.0.0.0
7b62324b6000-7b62324b7000 rw-p 00030000 00:28 1042009                    /usr/lib/x86_64-linux-gnu/libglapi.so.0.0.0
7b62324b7000-7b62324b8000 rw-p 00000000 00:00 0 
7b62324b8000-7b623252b000 r-xp 00000000 00:28 1041974                    /usr/lib/x86_64-linux-gnu/libGLX_mesa.so.0.0.0
7b623252b000-7b623272b000 ---p 00073000 00:28 1041974                    /usr/lib/x86_64-linux-gnu/libGLX_mesa.so.0.0.0
7b623272b000-7b623272e000 r--p 00073000 00:28 1041974                    /usr/lib/x86_64-linux-gnu/libGLX_mesa.so.0.0.0
7b623272e000-7b623272f000 rw-p 00076000 00:28 1041974                    /usr/lib/x86_64-linux-gnu/libGLX_mesa.so.0.0.0
7b623272f000-7b6232730000 rw-p 00000000 00:00 0 
7b6232730000-7b62327a0000 r-xp 00000000 00:28 371726                     /usr/lib/x86_64-linux-gnu/libGLdispatch.so.0.0.0
7b62327a0000-7b62329a0000 ---p 00070000 00:28 371726                     /usr/lib/x86_64-linux-gnu/libGLdispatch.so.0.0.0
7b62329a0000-7b62329c9000 r--p 00070000 00:28 371726                     /usr/lib/x86_64-linux-gnu/libGLdispatch.so.0.0.0
7b62329c9000-7b62329ca000 rw-p 00099000 00:28 371726                     /usr/lib/x86_64-linux-gnu/libGLdispatch.so.0.0.0
7b62329ca000-7b62329ea000 rw-p 00000000 00:00 0 
7b62329ea000-7b62329fa000 r-xp 00000000 00:28 371914                     /usr/lib/x86_64-linux-gnu/libGLX.so.0.0.0
7b62329fa000-7b6232bfa000 ---p 00010000 00:28 371914                     /usr/lib/x86_64-linux-gnu/libGLX.so.0.0.0
7b6232bfa000-7b6232bfb000 r--p 00010000 00:28 371914                     /usr/lib/x86_64-linux-gnu/libGLX.so.0.0.0
7b6232bfb000-7b6232bfc000 rw-p 00011000 00:28 371914                     /usr/lib/x86_64-linux-gnu/libGLX.so.0.0.0
7b6232bfc000-7b6232c1c000 rw-p 00000000 00:00 0 
7b6232c1c000-7b6232c91000 r-xp 00000000 00:28 371931                     /usr/lib/x86_64-linux-gnu/libGL.so.1.7.0
7b6232c91000-7b6232e91000 ---p 00075000 00:28 371931                     /usr/lib/x86_64-linux-gnu/libGL.so.1.7.0
7b6232e91000-7b6232eab000 r--p 00075000 00:28 371931                     /usr/lib/x86_64-linux-gnu/libGL.so.1.7.0
7b6232eab000-7b6232eac000 rw-p 0008f000 00:28 371931                     /usr/lib/x86_64-linux-gnu/libGL.so.1.7.0
7b6232eac000-7b6232ead000 rw-p 00000000 00:00 0 
7b6232ead000-7b6232eae000 r-xp 00000000 00:28 5121                       /usr/lib/x86_64-linux-gnu/libX11-xcb.so.1.0.0
7b6232eae000-7b62330ad000 ---p 00001000 00:28 5121                       /usr/lib/x86_64-linux-gnu/libX11-xcb.so.1.0.0
7b62330ad000-7b62330ae000 r--p 00000000 00:28 5121                       /usr/lib/x86_64-linux-gnu/libX11-xcb.so.1.0.0
7b62330ae000-7b62330af000 rw-p 00001000 00:28 5121                       /usr/lib/x86_64-linux-gnu/libX11-xcb.so.1.0.0
7b62330af000-7b62330b1000 r-xp 00000000 00:28 5148                       /usr/lib/x86_64-linux-gnu/libXinerama.so.1.0.0
7b62330b1000-7b62332b0000 ---p 00002000 00:28 5148                       /usr/lib/x86_64-linux-gnu/libXinerama.so.1.0.0
7b62332b0000-7b62332b1000 r--p 00001000 00:28 5148                       /usr/lib/x86_64-linux-gnu/libXinerama.so.1.0.0
7b62332b1000-7b62332b2000 rw-p 00002000 00:28 5148                       /usr/lib/x86_64-linux-gnu/libXinerama.so.1.0.0
7b62332b2000-7b62332b7000 r-xp 00000000 00:28 5140                       /usr/lib/x86_64-linux-gnu/libXfixes.so.3.1.0
7b62332b7000-7b62334b6000 ---p 00005000 00:28 5140                       /usr/lib/x86_64-linux-gnu/libXfixes.so.3.1.0
7b62334b6000-7b62334b7000 r--p 00004000 00:28 5140                       /usr/lib/x86_64-linux-gnu/libXfixes.so.3.1.0
7b62334b7000-7b62334b8000 rw-p 00005000 00:28 5140                       /usr/lib/x86_64-linux-gnu/libXfixes.so.3.1.0
7b62334b8000-7b62334c2000 r-xp 00000000 00:28 5132                       /usr/lib/x86_64-linux-gnu/libXcursor.so.1.0.2
7b62334c2000-7b62336c1000 ---p 0000a000 00:28 5132                       /usr/lib/x86_64-linux-gnu/libXcursor.so.1.0.2
7b62336c1000-7b62336c2000 r--p 00009000 00:28 5132                       /usr/lib/x86_64-linux-gnu/libXcursor.so.1.0.2
7b62336c2000-7b62336c3000 rw-p 0000a000 00:28 5132                       /usr/lib/x86_64-linux-gnu/libXcursor.so.1.0.2
7b62336c3000-7b62336cc000 r-xp 00000000 00:28 5158                       /usr/lib/x86_64-linux-gnu/libXrender.so.1.3.0
7b62336cc000-7b62338cb000 ---p 00009000 00:28 5158                       /usr/lib/x86_64-linux-gnu/libXrender.so.1.3.0
7b62338cb000-7b62338cc000 r--p 00008000 00:28 5158                       /usr/lib/x86_64-linux-gnu/libXrender.so.1.3.0
7b62338cc000-7b62338cd000 rw-p 00009000 00:28 5158                       /usr/lib/x86_64-linux-gnu/libXrender.so.1.3.0
7b62338cd000-7b62338d7000 r-xp 00000000 00:28 5156                       /usr/lib/x86_64-linux-gnu/libXrandr.so.2.2.0
7b62338d7000-7b6233ad6000 ---p 0000a000 00:28 5156                       /usr/lib/x86_64-linux-gnu/libXrandr.so.2.2.0
7b6233ad6000-7b6233ad7000 r--p 00009000 00:28 5156                       /usr/lib/x86_64-linux-gnu/libXrandr.so.2.2.0
7b6233ad7000-7b6233ad8000 rw-p 0000a000 00:28 5156                       /usr/lib/x86_64-linux-gnu/libXrandr.so.2.2.0
7b6233ad8000-7b6233ae7000 r-xp 00000000 00:28 5146                       /usr/lib/x86_64-linux-gnu/libXi.so.6.1.0
7b6233ae7000-7b6233ce6000 ---p 0000f000 00:28 5146                       /usr/lib/x86_64-linux-gnu/libXi.so.6.1.0
7b6233ce6000-7b6233ce7000 r--p 0000e000 00:28 5146                       /usr/lib/x86_64-linux-gnu/libXi.so.6.1.0
7b6233ce7000-7b6233ce8000 rw-p 0000f000 00:28 5146                       /usr/lib/x86_64-linux-gnu/libXi.so.6.1.0
7b6233ce8000-7b6233cf9000 r-xp 00000000 00:28 5138                       /usr/lib/x86_64-linux-gnu/libXext.so.6.4.0
7b6233cf9000-7b6233ef8000 ---p 00011000 00:28 5138                       /usr/lib/x86_64-linux-gnu/libXext.so.6.4.0
7b6233ef8000-7b6233ef9000 r--p 00010000 00:28 5138                       /usr/lib/x86_64-linux-gnu/libXext.so.6.4.0
7b6233ef9000-7b6233efa000 rw-p 00011000 00:28 5138                       /usr/lib/x86_64-linux-gnu/libXext.so.6.4.0
7b6233efa000-7b6233eff000 r-xp 00000000 00:28 5170                       /usr/lib/x86_64-linux-gnu/libXxf86vm.so.1.0.0
7b6233eff000-7b62340fe000 ---p 00005000 00:28 5170                       /usr/lib/x86_64-linux-gnu/libXxf86vm.so.1.0.0
7b62340fe000-7b62340ff000 r--p 00004000 00:28 5170                       /usr/lib/x86_64-linux-gnu/libXxf86vm.so.1.0.0
7b62340ff000-7b6234100000 rw-p 00005000 00:28 5170                       /usr/lib/x86_64-linux-gnu/libXxf86vm.so.1.0.0
7b6234100000-7b6234200000 rw-p 00000000 00:00 0 
7b6234212000-7b6234225000 r-xp 00000000 00:28 1828                       /lib/x86_64-linux-gnu/libbsd.so.0.8.3
7b6234225000-7b6234425000 ---p 00013000 00:28 1828                       /lib/x86_64-linux-gnu/libbsd.so.0.8.3
7b6234425000-7b6234426000 r--p 00013000 00:28 1828                       /lib/x86_64-linux-gnu/libbsd.so.0.8.3
7b6234426000-7b6234427000 rw-p 00014000 00:28 1828                       /lib/x86_64-linux-gnu/libbsd.so.0.8.3
7b6234427000-7b6234428000 rw-p 00000000 00:00 0 
7b6234428000-7b623442d000 r-xp 00000000 00:28 5136                       /usr/lib/x86_64-linux-gnu/libXdmcp.so.6.0.0
7b623442d000-7b623462c000 ---p 00005000 00:28 5136                       /usr/lib/x86_64-linux-gnu/libXdmcp.so.6.0.0
7b623462c000-7b623462d000 r--p 00004000 00:28 5136                       /usr/lib/x86_64-linux-gnu/libXdmcp.so.6.0.0
7b623462d000-7b623462e000 rw-p 00005000 00:28 5136                       /usr/lib/x86_64-linux-gnu/libXdmcp.so.6.0.0
7b623462e000-7b6234631000 r-xp 00000000 00:28 5125                       /usr/lib/x86_64-linux-gnu/libXau.so.6.0.0
7b6234631000-7b6234830000 ---p 00003000 00:28 5125                       /usr/lib/x86_64-linux-gnu/libXau.so.6.0.0
7b6234830000-7b6234831000 r--p 00002000 00:28 5125                       /usr/lib/x86_64-linux-gnu/libXau.so.6.0.0
7b6234831000-7b6234832000 rw-p 00003000 00:28 5125                       /usr/lib/x86_64-linux-gnu/libXau.so.6.0.0
7b6234832000-7b6234859000 r-xp 00000000 00:28 5587                       /usr/lib/x86_64-linux-gnu/libxcb.so.1.1.0
7b6234859000-7b6234a58000 ---p 00027000 00:28 5587                       /usr/lib/x86_64-linux-gnu/libxcb.so.1.1.0
7b6234a58000-7b6234a59000 r--p 00026000 00:28 5587                       /usr/lib/x86_64-linux-gnu/libxcb.so.1.1.0
7b6234a59000-7b6234a5a000 rw-p 00027000 00:28 5587                       /usr/lib/x86_64-linux-gnu/libxcb.so.1.1.0
7b6234a5a000-7b6234b94000 r-xp 00000000 00:28 5123                       /usr/lib/x86_64-linux-gnu/libX11.so.6.3.0
7b6234b94000-7b6234d94000 ---p 0013a000 00:28 5123                       /usr/lib/x86_64-linux-gnu/libX11.so.6.3.0
7b6234d94000-7b6234d95000 r--p 0013a000 00:28 5123                       /usr/lib/x86_64-linux-gnu/libX11.so.6.3.0
7b6234d95000-7b6234d9a000 rw-p 0013b000 00:28 5123                       /usr/lib/x86_64-linux-gnu/libX11.so.6.3.0
7b6234d9a000-7b6234ddd000 r-xp 00000000 00:28 1459780                    /tmp/lwjgljediburrell/3.2.3-build-13/libglfw.so
7b6234ddd000-7b6234fdc000 ---p 00043000 00:28 1459780                    /tmp/lwjgljediburrell/3.2.3-build-13/libglfw.so
7b6234fdc000-7b6234fdd000 r--p 00042000 00:28 1459780                    /tmp/lwjgljediburrell/3.2.3-build-13/libglfw.so
7b6234fdd000-7b6234fdf000 rw-p 00043000 00:28 1459780                    /tmp/lwjgljediburrell/3.2.3-build-13/libglfw.so
7b6234fdf000-7b6235100000 rw-p 00000000 00:00 0 
7b62351ae000-7b62351ff000 r-xp 00000000 00:28 1459779                    /tmp/lwjgljediburrell/3.2.3-build-13/liblwjgl.so
7b62351ff000-7b62353fe000 ---p 00051000 00:28 1459779                    /tmp/lwjgljediburrell/3.2.3-build-13/liblwjgl.so
7b62353fe000-7b62353ff000 r--p 00050000 00:28 1459779                    /tmp/lwjgljediburrell/3.2.3-build-13/liblwjgl.so
7b62353ff000-7b6235400000 rw-p 00051000 00:28 1459779                    /tmp/lwjgljediburrell/3.2.3-build-13/liblwjgl.so
7b6235400000-7b6235500000 rw-p 00000000 00:00 0 
7b6235600000-7b6235700000 rw-p 00000000 00:00 0 
7b6235800000-7b6235900000 rw-p 00000000 00:00 0 
7b6235a00000-7b6235b00000 rw-p 00000000 00:00 0 
7b6235c00000-7b6235d00000 rw-p 00000000 00:00 0 
7b6235e00000-7b6235f00000 rw-p 00000000 00:00 0 
7b6236000000-7b6236100000 rw-p 00000000 00:00 0 
7b6236200000-7b6236300000 rw-p 00000000 00:00 0 
7b6236400000-7b6236500000 rw-p 00000000 00:00 0 
7b6236600000-7b6236700000 rw-p 00000000 00:00 0 
7b6236800000-7b6236900000 rw-p 00000000 00:00 0 
7b6236a00000-7b6236b00000 rw-p 00000000 00:00 0 
7b6236c00000-7b6236d00000 rw-p 00000000 00:00 0 
7b6236e00000-7b6236f00000 rw-p 00000000 00:00 0 
7b6237000000-7b6237100000 rw-p 00000000 00:00 0 
7b6237200000-7b6237300000 rw-p 00000000 00:00 0 
7b6237400000-7b6237500000 rw-p 00000000 00:00 0 
7b6237600000-7b6237700000 rw-p 00000000 00:00 0 
7b6237800000-7b6237900000 rw-p 00000000 00:00 0 
7b6237a00000-7b6237b00000 rw-p 00000000 00:00 0 
7b6237c00000-7b6237d00000 rw-p 00000000 00:00 0 
7b6237e00000-7b6237f00000 rw-p 00000000 00:00 0 
7b6238000000-7b6238100000 rw-p 00000000 00:00 0 
7b6238200000-7b6238300000 rw-p 00000000 00:00 0 
7b6238400000-7b6238500000 rw-p 00000000 00:00 0 
7b6238600000-7b6238700000 rw-p 00000000 00:00 0 
7b6238800000-7b6238900000 rw-p 00000000 00:00 0 
7b6238a00000-7b6238b00000 rw-p 00000000 00:00 0 
7b6238c00000-7b6238d00000 rw-p 00000000 00:00 0 
7b6238e00000-7b6238f00000 rw-p 00000000 00:00 0 
7b6239000000-7b6239100000 rw-p 00000000 00:00 0 
7b6239200000-7b6239300000 rw-p 00000000 00:00 0 
7b6239400000-7b6239500000 rw-p 00000000 00:00 0 
7b6239600000-7b6239700000 rw-p 00000000 00:00 0 
7b6239800000-7b6239900000 rw-p 00000000 00:00 0 
7b6239a00000-7b6239b00000 rw-p 00000000 00:00 0 
7b6239bee000-7b6239bff000 r-xp 00000000 00:28 319163                     /home/jediburrell/devel/install/graalvm-ce-19.0.0/jre/lib/amd64/libnio.so
7b6239bff000-7b6239dfe000 ---p 00011000 00:28 319163                     /home/jediburrell/devel/install/graalvm-ce-19.0.0/jre/lib/amd64/libnio.so
7b6239dfe000-7b6239dff000 r--p 00010000 00:28 319163                     /home/jediburrell/devel/install/graalvm-ce-19.0.0/jre/lib/amd64/libnio.so
7b6239dff000-7b6239e00000 rw-p 00011000 00:28 319163                     /home/jediburrell/devel/install/graalvm-ce-19.0.0/jre/lib/amd64/libnio.so
7b6239e00000-7b6239f00000 rw-p 00000000 00:00 0 
7b6239feb000-7b623bc3b000 r-xp 00000000 00:28 319100                     /home/jediburrell/devel/install/graalvm-ce-19.0.0/jre/lib/amd64/libjvmcicompiler.so
7b623bc3b000-7b623bdfc000 rw-p 01c50000 00:28 319100                     /home/jediburrell/devel/install/graalvm-ce-19.0.0/jre/lib/amd64/libjvmcicompiler.so
7b623bdfc000-7b623bffc000 ---p 01e11000 00:28 319100                     /home/jediburrell/devel/install/graalvm-ce-19.0.0/jre/lib/amd64/libjvmcicompiler.so
7b623bffc000-7b623c000000 rw-p 01e11000 00:28 319100                     /home/jediburrell/devel/install/graalvm-ce-19.0.0/jre/lib/amd64/libjvmcicompiler.so
7b623c000000-7b623c021000 rw-p 00000000 00:00 0 
7b623c021000-7b6240000000 ---p 00000000 00:00 0 
7b6240000000-7b6240021000 rw-p 00000000 00:00 0 
7b6240021000-7b6244000000 ---p 00000000 00:00 0 
7b6244000000-7b624404f000 rw-p 00000000 00:00 0 
7b624404f000-7b6248000000 ---p 00000000 00:00 0 
7b6248000000-7b6248331000 rw-p 00000000 00:00 0 
7b6248331000-7b624c000000 ---p 00000000 00:00 0 
7b624c000000-7b624c248000 rw-p 00000000 00:00 0 
7b624c248000-7b6250000000 ---p 00000000 00:00 0 
7b6250000000-7b6250021000 rw-p 00000000 00:00 0 
7b6250021000-7b6254000000 ---p 00000000 00:00 0 
7b6254000000-7b6254033000 rw-p 00000000 00:00 0 
7b6254033000-7b6258000000 ---p 00000000 00:00 0 
7b6258000000-7b6258021000 rw-p 00000000 00:00 0 
7b6258021000-7b625c000000 ---p 00000000 00:00 0 
7b625c000000-7b625c021000 rw-p 00000000 00:00 0 
7b625c021000-7b6260000000 ---p 00000000 00:00 0 
7b6260000000-7b6260021000 rw-p 00000000 00:00 0 
7b6260021000-7b6264000000 ---p 00000000 00:00 0 
7b6264000000-7b6264021000 rw-p 00000000 00:00 0 
7b6264021000-7b6268000000 ---p 00000000 00:00 0 
7b6268000000-7b6268021000 rw-p 00000000 00:00 0 
7b6268021000-7b626c000000 ---p 00000000 00:00 0 
7b626c08f000-7b626c092000 ---p 00000000 00:00 0 
7b626c092000-7b626c190000 rw-p 00000000 00:00 0 
7b626c190000-7b626c198000 r-xp 00000000 00:28 1842                       /lib/x86_64-linux-gnu/libcrypt-2.24.so
7b626c198000-7b626c398000 ---p 00008000 00:28 1842                       /lib/x86_64-linux-gnu/libcrypt-2.24.so
7b626c398000-7b626c399000 r--p 00008000 00:28 1842                       /lib/x86_64-linux-gnu/libcrypt-2.24.so
7b626c399000-7b626c39a000 rw-p 00009000 00:28 1842                       /lib/x86_64-linux-gnu/libcrypt-2.24.so
7b626c39a000-7b626c3c8000 rw-p 00000000 00:00 0 
7b626c3c8000-7b626c3e1000 r-xp 00000000 00:28 1953                       /lib/x86_64-linux-gnu/libz.so.1.2.8
7b626c3e1000-7b626c5e0000 ---p 00019000 00:28 1953                       /lib/x86_64-linux-gnu/libz.so.1.2.8
7b626c5e0000-7b626c5e1000 r--p 00018000 00:28 1953                       /lib/x86_64-linux-gnu/libz.so.1.2.8
7b626c5e1000-7b626c5e2000 rw-p 00019000 00:28 1953                       /lib/x86_64-linux-gnu/libz.so.1.2.8
7b626c5e2000-7b626c5e3000 ---p 00000000 00:00 0 
7b626c5e3000-7b626f6e4000 rw-p 00000000 00:00 0 
7b626f6e4000-7b626f6fb000 r-xp 00000000 00:28 319186                     /home/jediburrell/devel/install/graalvm-ce-19.0.0/jre/lib/amd64/libnet.so
7b626f6fb000-7b626f8fa000 ---p 00017000 00:28 319186                     /home/jediburrell/devel/install/graalvm-ce-19.0.0/jre/lib/amd64/libnet.so
7b626f8fa000-7b626f8fb000 r--p 00016000 00:28 319186                     /home/jediburrell/devel/install/graalvm-ce-19.0.0/jre/lib/amd64/libnet.so
7b626f8fb000-7b626f8fc000 rw-p 00017000 00:28 319186                     /home/jediburrell/devel/install/graalvm-ce-19.0.0/jre/lib/amd64/libnet.so
7b626f8fc000-7b626f8ff000 ---p 00000000 00:00 0 
7b626f8ff000-7b626f9fd000 rw-p 00000000 00:00 0 
7b626f9fd000-7b626fa01000 ---p 00000000 00:00 0 
7b626fa01000-7b626fbfe000 rw-p 00000000 00:00 0 
7b626fbfe000-7b626fc02000 ---p 00000000 00:00 0 
7b626fc02000-7b626fdff000 rw-p 00000000 00:00 0 
7b626fdff000-7b626fe03000 ---p 00000000 00:00 0 
7b626fe03000-7b6270000000 rw-p 00000000 00:00 0 
7b6270000000-7b6270021000 rw-p 00000000 00:00 0 
7b6270021000-7b6274000000 ---p 00000000 00:00 0 
7b627400a000-7b6274071000 r--s 00ef0000 00:28 309824                     /home/jediburrell/devel/install/graalvm-ce-19.0.0/jre/lib/jvmci/graal.jar
7b6274071000-7b6274096000 r--s 00474000 00:28 309827                     /home/jediburrell/devel/install/graalvm-ce-19.0.0/jre/lib/truffle/truffle-api.jar
7b6274096000-7b6274099000 ---p 00000000 00:00 0 
7b6274099000-7b6274197000 rw-p 00000000 00:00 0 
7b6274197000-7b627419a000 ---p 00000000 00:00 0 
7b627419a000-7b6274298000 rw-p 00000000 00:00 0 
7b6274298000-7b6274433000 r--p 00000000 00:28 2940                       /usr/lib/locale/locale-archive
7b6274433000-7b6274436000 ---p 00000000 00:00 0 
7b6274436000-7b6274534000 rw-p 00000000 00:00 0 
7b6274534000-7b6274537000 ---p 00000000 00:00 0 
7b6274537000-7b6274635000 rw-p 00000000 00:00 0 
7b6274635000-7b6274636000 ---p 00000000 00:00 0 
7b6274636000-7b6275740000 rw-p 00000000 00:00 0 
7b6275740000-7b6275940000 ---p 00000000 00:00 0 
7b6275940000-7b6278000000 rw-p 00000000 00:00 0 
7b6278000000-7b6278021000 rw-p 00000000 00:00 0 
7b6278021000-7b627c000000 ---p 00000000 00:00 0 
7b627c00d000-7b627c014000 r--s 00000000 00:28 4982                       /usr/lib/x86_64-linux-gnu/gconv/gconv-modules.cache
7b627c014000-7b627c018000 r--s 00087000 00:28 319220                     /home/jediburrell/devel/install/graalvm-ce-19.0.0/jre/lib/jvmci/jvmci-hotspot.jar
7b627c018000-7b627c04f000 r--s 00255000 00:28 324674                     /home/jediburrell/install/idea-IC-191.7141.44/plugins/Kotlin/kotlinc/lib/kotlin-reflect.jar
7b627c04f000-7b627c554000 rw-p 00000000 00:00 0 
7b627c554000-7b627c723000 r--s 03c3b000 00:28 319227                     /home/jediburrell/devel/install/graalvm-ce-19.0.0/jre/lib/rt.jar
7b627c723000-7b627c98f000 rw-p 00000000 00:00 0 
7b627c98f000-7b627c990000 ---p 00000000 00:00 0 
7b627c990000-7b627ca90000 rw-p 00000000 00:00 0 
7b627ca90000-7b627ca91000 ---p 00000000 00:00 0 
7b627ca91000-7b627cb91000 rw-p 00000000 00:00 0 
7b627cb91000-7b627cb92000 ---p 00000000 00:00 0 
7b627cb92000-7b627cc92000 rw-p 00000000 00:00 0 
7b627cc92000-7b627cc93000 ---p 00000000 00:00 0 
7b627cc93000-7b627cdad000 rw-p 00000000 00:00 0 
7b627cdad000-7b627cf30000 ---p 00000000 00:00 0 
7b627cf30000-7b627cf3e000 rw-p 00000000 00:00 0 
7b627cf3e000-7b627cfff000 ---p 00000000 00:00 0 
7b627cfff000-7b627d000000 rw-p 00000000 00:00 0 
7b627d000000-7b627d270000 rwxp 00000000 00:00 0 
7b627d270000-7b628c000000 ---p 00000000 00:00 0 
7b628c000000-7b628c636000 rw-p 00000000 00:00 0 
7b628c636000-7b6290000000 ---p 00000000 00:00 0 
7b6290000000-7b6290004000 r--s 0004d000 00:28 319222                     /home/jediburrell/devel/install/graalvm-ce-19.0.0/jre/lib/jvmci/jvmci-api.jar
7b6290004000-7b6290005000 r--s 00006000 00:28 309833                     /home/jediburrell/devel/install/graalvm-ce-19.0.0/jre/lib/truffle/locator.jar
7b6290005000-7b6290007000 r--s 0001b000 00:28 324462                     /home/jediburrell/install/idea-IC-191.7141.44/lib/idea_rt.jar
7b6290007000-7b6290008000 r--s 00030000 00:28 1456237                    /home/jediburrell/.m2/repository/org/lwjgl/lwjgl-stb/3.2.3/lwjgl-stb-3.2.3-natives-linux.jar
7b6290008000-7b6290009000 r--s 00008000 00:28 1456206                    /home/jediburrell/.m2/repository/org/lwjgl/lwjgl-opengles/3.2.3/lwjgl-opengles-3.2.3-natives-linux.jar
7b6290009000-7b629000a000 r--s 00013000 00:28 1456175                    /home/jediburrell/.m2/repository/org/lwjgl/lwjgl-opengl/3.2.3/lwjgl-opengl-3.2.3-natives-linux.jar
7b629000a000-7b629000b000 r--s 00090000 00:28 1456147                    /home/jediburrell/.m2/repository/org/lwjgl/lwjgl-openal/3.2.3/lwjgl-openal-3.2.3-natives-linux.jar
7b629000b000-7b629000c000 r--s 00026000 00:28 1456117                    /home/jediburrell/.m2/repository/org/lwjgl/lwjgl-glfw/3.2.3/lwjgl-glfw-3.2.3-natives-linux.jar
7b629000c000-7b629000d000 r--s 00012000 00:28 1456091                    /home/jediburrell/.m2/repository/org/lwjgl/lwjgl/3.2.3/lwjgl-3.2.3-natives-linux.jar
7b629000d000-7b629000f000 r--s 00018000 00:28 1456072                    /home/jediburrell/.m2/repository/org/lwjgl/lwjgl-stb/3.2.3/lwjgl-stb-3.2.3.jar
7b629000f000-7b6290016000 r--s 00051000 00:28 1456027                    /home/jediburrell/.m2/repository/org/lwjgl/lwjgl-opengles/3.2.3/lwjgl-opengles-3.2.3.jar
7b6290016000-7b6290021000 r--s 000da000 00:28 1455999                    /home/jediburrell/.m2/repository/org/lwjgl/lwjgl-opengl/3.2.3/lwjgl-opengl-3.2.3.jar
7b6290021000-7b6290023000 r--s 00012000 00:28 1455979                    /home/jediburrell/.m2/repository/org/lwjgl/lwjgl-openal/3.2.3/lwjgl-openal-3.2.3.jar
7b6290023000-7b6290026000 r--s 00018000 00:28 1455977                    /home/jediburrell/.m2/repository/org/lwjgl/lwjgl-glfw/3.2.3/lwjgl-glfw-3.2.3.jar
7b6290026000-7b629002d000 r--s 00081000 00:28 1456302                    /home/jediburrell/.m2/repository/org/lwjgl/lwjgl/3.2.3/lwjgl-3.2.3.jar
7b629002d000-7b629002f000 r--s 00002000 00:28 324685                     /home/jediburrell/install/idea-IC-191.7141.44/plugins/Kotlin/kotlinc/lib/kotlin-stdlib-jdk8.jar
7b629002f000-7b6290031000 r--s 00006000 00:28 324699                     /home/jediburrell/install/idea-IC-191.7141.44/plugins/Kotlin/kotlinc/lib/kotlin-test.jar
7b6290031000-7b6290044000 r--s 0010f000 00:28 324689                     /home/jediburrell/install/idea-IC-191.7141.44/plugins/Kotlin/kotlinc/lib/kotlin-stdlib.jar
7b6290044000-7b62900d4000 rw-p 00000000 00:00 0 
7b62900d4000-7b6290258000 ---p 00000000 00:00 0 
7b6290258000-7b6290262000 rw-p 00000000 00:00 0 
7b6290262000-7b6290618000 ---p 00000000 00:00 0 
7b6290618000-7b6290633000 r-xp 00000000 00:28 319179                     /home/jediburrell/devel/install/graalvm-ce-19.0.0/jre/lib/amd64/libzip.so
7b6290633000-7b6290833000 ---p 0001b000 00:28 319179                     /home/jediburrell/devel/install/graalvm-ce-19.0.0/jre/lib/amd64/libzip.so
7b6290833000-7b6290834000 r--p 0001b000 00:28 319179                     /home/jediburrell/devel/install/graalvm-ce-19.0.0/jre/lib/amd64/libzip.so
7b6290834000-7b6290835000 rw-p 0001c000 00:28 319179                     /home/jediburrell/devel/install/graalvm-ce-19.0.0/jre/lib/amd64/libzip.so
7b6290835000-7b629083f000 r-xp 00000000 00:28 1899                       /lib/x86_64-linux-gnu/libnss_files-2.24.so
7b629083f000-7b6290a3f000 ---p 0000a000 00:28 1899                       /lib/x86_64-linux-gnu/libnss_files-2.24.so
7b6290a3f000-7b6290a40000 r--p 0000a000 00:28 1899                       /lib/x86_64-linux-gnu/libnss_files-2.24.so
7b6290a40000-7b6290a41000 rw-p 0000b000 00:28 1899                       /lib/x86_64-linux-gnu/libnss_files-2.24.so
7b6290a41000-7b6290a47000 rw-p 00000000 00:00 0 
7b6290a47000-7b6290a52000 r-xp 00000000 00:28 1903                       /lib/x86_64-linux-gnu/libnss_nis-2.24.so
7b6290a52000-7b6290c51000 ---p 0000b000 00:28 1903                       /lib/x86_64-linux-gnu/libnss_nis-2.24.so
7b6290c51000-7b6290c52000 r--p 0000a000 00:28 1903                       /lib/x86_64-linux-gnu/libnss_nis-2.24.so
7b6290c52000-7b6290c53000 rw-p 0000b000 00:28 1903                       /lib/x86_64-linux-gnu/libnss_nis-2.24.so
7b6290c53000-7b6290c67000 r-xp 00000000 00:28 1893                       /lib/x86_64-linux-gnu/libnsl-2.24.so
7b6290c67000-7b6290e67000 ---p 00014000 00:28 1893                       /lib/x86_64-linux-gnu/libnsl-2.24.so
7b6290e67000-7b6290e68000 r--p 00014000 00:28 1893                       /lib/x86_64-linux-gnu/libnsl-2.24.so
7b6290e68000-7b6290e69000 rw-p 00015000 00:28 1893                       /lib/x86_64-linux-gnu/libnsl-2.24.so
7b6290e69000-7b6290e6b000 rw-p 00000000 00:00 0 
7b6290e6b000-7b6290e72000 r-xp 00000000 00:28 1895                       /lib/x86_64-linux-gnu/libnss_compat-2.24.so
7b6290e72000-7b6291071000 ---p 00007000 00:28 1895                       /lib/x86_64-linux-gnu/libnss_compat-2.24.so
7b6291071000-7b6291072000 r--p 00006000 00:28 1895                       /lib/x86_64-linux-gnu/libnss_compat-2.24.so
7b6291072000-7b6291073000 rw-p 00007000 00:28 1895                       /lib/x86_64-linux-gnu/libnss_compat-2.24.so
7b6291073000-7b629107d000 r-xp 00000000 00:28 319173                     /home/jediburrell/devel/install/graalvm-ce-19.0.0/jre/lib/amd64/libinstrument.so
7b629107d000-7b629127c000 ---p 0000a000 00:28 319173                     /home/jediburrell/devel/install/graalvm-ce-19.0.0/jre/lib/amd64/libinstrument.so
7b629127c000-7b629127d000 r--p 00009000 00:28 319173                     /home/jediburrell/devel/install/graalvm-ce-19.0.0/jre/lib/amd64/libinstrument.so
7b629127d000-7b629127e000 rw-p 0000a000 00:28 319173                     /home/jediburrell/devel/install/graalvm-ce-19.0.0/jre/lib/amd64/libinstrument.so
7b629127e000-7b62912a8000 r-xp 00000000 00:28 319190                     /home/jediburrell/devel/install/graalvm-ce-19.0.0/jre/lib/amd64/libjava.so
7b62912a8000-7b62914a8000 ---p 0002a000 00:28 319190                     /home/jediburrell/devel/install/graalvm-ce-19.0.0/jre/lib/amd64/libjava.so
7b62914a8000-7b62914a9000 r--p 0002a000 00:28 319190                     /home/jediburrell/devel/install/graalvm-ce-19.0.0/jre/lib/amd64/libjava.so
7b62914a9000-7b62914ab000 rw-p 0002b000 00:28 319190                     /home/jediburrell/devel/install/graalvm-ce-19.0.0/jre/lib/amd64/libjava.so
7b62914ab000-7b62914ba000 r-xp 00000000 00:28 319180                     /home/jediburrell/devel/install/graalvm-ce-19.0.0/jre/lib/amd64/libverify.so
7b62914ba000-7b62916b9000 ---p 0000f000 00:28 319180                     /home/jediburrell/devel/install/graalvm-ce-19.0.0/jre/lib/amd64/libverify.so
7b62916b9000-7b62916bb000 r--p 0000e000 00:28 319180                     /home/jediburrell/devel/install/graalvm-ce-19.0.0/jre/lib/amd64/libverify.so
7b62916bb000-7b62916bc000 rw-p 00010000 00:28 319180                     /home/jediburrell/devel/install/graalvm-ce-19.0.0/jre/lib/amd64/libverify.so
7b62916bc000-7b62916c3000 r-xp 00000000 00:28 1926                       /lib/x86_64-linux-gnu/librt-2.24.so
7b62916c3000-7b62918c2000 ---p 00007000 00:28 1926                       /lib/x86_64-linux-gnu/librt-2.24.so
7b62918c2000-7b62918c3000 r--p 00006000 00:28 1926                       /lib/x86_64-linux-gnu/librt-2.24.so
7b62918c3000-7b62918c4000 rw-p 00007000 00:28 1926                       /lib/x86_64-linux-gnu/librt-2.24.so
7b62918c4000-7b62919c7000 r-xp 00000000 00:28 1880                       /lib/x86_64-linux-gnu/libm-2.24.so
7b62919c7000-7b6291bc6000 ---p 00103000 00:28 1880                       /lib/x86_64-linux-gnu/libm-2.24.so
7b6291bc6000-7b6291bc7000 r--p 00102000 00:28 1880                       /lib/x86_64-linux-gnu/libm-2.24.so
7b6291bc7000-7b6291bc8000 rw-p 00103000 00:28 1880                       /lib/x86_64-linux-gnu/libm-2.24.so
7b6291bc8000-7b6292928000 r-xp 00000000 00:28 319160                     /home/jediburrell/devel/install/graalvm-ce-19.0.0/jre/lib/amd64/server/libjvm.so
7b6292928000-7b6292b27000 ---p 00d60000 00:28 319160                     /home/jediburrell/devel/install/graalvm-ce-19.0.0/jre/lib/amd64/server/libjvm.so
7b6292b27000-7b6292bef000 rw-p 00d5f000 00:28 319160                     /home/jediburrell/devel/install/graalvm-ce-19.0.0/jre/lib/amd64/server/libjvm.so
7b6292bef000-7b6292c21000 rw-p 00000000 00:00 0 
7b6292c21000-7b6292db6000 r-xp 00000000 00:28 1832                       /lib/x86_64-linux-gnu/libc-2.24.so
7b6292db6000-7b6292fb6000 ---p 00195000 00:28 1832                       /lib/x86_64-linux-gnu/libc-2.24.so
7b6292fb6000-7b6292fba000 r--p 00195000 00:28 1832                       /lib/x86_64-linux-gnu/libc-2.24.so
7b6292fba000-7b6292fbc000 rw-p 00199000 00:28 1832                       /lib/x86_64-linux-gnu/libc-2.24.so
7b6292fbc000-7b6292fc0000 rw-p 00000000 00:00 0 
7b6292fc0000-7b6292fc3000 r-xp 00000000 00:28 1849                       /lib/x86_64-linux-gnu/libdl-2.24.so
7b6292fc3000-7b62931c2000 ---p 00003000 00:28 1849                       /lib/x86_64-linux-gnu/libdl-2.24.so
7b62931c2000-7b62931c3000 r--p 00002000 00:28 1849                       /lib/x86_64-linux-gnu/libdl-2.24.so
7b62931c3000-7b62931c4000 rw-p 00003000 00:28 1849                       /lib/x86_64-linux-gnu/libdl-2.24.so
7b62931c4000-7b62931da000 r-xp 00000000 00:28 319107                     /home/jediburrell/devel/install/graalvm-ce-19.0.0/lib/amd64/jli/libjli.so
7b62931da000-7b62933d9000 ---p 00016000 00:28 319107                     /home/jediburrell/devel/install/graalvm-ce-19.0.0/lib/amd64/jli/libjli.so
7b62933d9000-7b62933da000 r--p 00015000 00:28 319107                     /home/jediburrell/devel/install/graalvm-ce-19.0.0/lib/amd64/jli/libjli.so
7b62933da000-7b62933db000 rw-p 00016000 00:28 319107                     /home/jediburrell/devel/install/graalvm-ce-19.0.0/lib/amd64/jli/libjli.so
7b62933db000-7b62933f3000 r-xp 00000000 00:28 1920                       /lib/x86_64-linux-gnu/libpthread-2.24.so
7b62933f3000-7b62935f2000 ---p 00018000 00:28 1920                       /lib/x86_64-linux-gnu/libpthread-2.24.so
7b62935f2000-7b62935f3000 r--p 00017000 00:28 1920                       /lib/x86_64-linux-gnu/libpthread-2.24.so
7b62935f3000-7b62935f4000 rw-p 00018000 00:28 1920                       /lib/x86_64-linux-gnu/libpthread-2.24.so
7b62935f4000-7b62935f8000 rw-p 00000000 00:00 0 
7b62935f8000-7b629361b000 r-xp 00000000 00:28 1808                       /lib/x86_64-linux-gnu/ld-2.24.so
7b629361b000-7b629361c000 r--s 00000000 00:28 324683                     /home/jediburrell/install/idea-IC-191.7141.44/plugins/Kotlin/kotlinc/lib/kotlin-stdlib-jdk7.jar
7b629361c000-7b629362f000 r--s 00346000 00:28 319155                     /home/jediburrell/devel/install/graalvm-ce-19.0.0/jre/lib/resources.jar
7b629362f000-7b6293633000 r--s 000a1000 00:28 319218                     /home/jediburrell/devel/install/graalvm-ce-19.0.0/jre/lib/jsse.jar
7b6293633000-7b6293635000 r--s 00016000 00:28 319199                     /home/jediburrell/devel/install/graalvm-ce-19.0.0/jre/lib/jce.jar
7b6293635000-7b629363a000 r--s 002f9000 00:28 319228                     /home/jediburrell/devel/install/graalvm-ce-19.0.0/jre/lib/charsets.jar
7b629363a000-7b629363f000 r--s 000e7000 00:28 310270                     /home/jediburrell/devel/install/graalvm-ce-19.0.0/jre/lib/boot/graal-sdk.src.zip
7b629363f000-7b6293701000 rw-p 00000000 00:00 0 
7b6293701000-7b6293705000 ---p 00000000 00:00 0 
7b6293705000-7b6293806000 rw-p 00000000 00:00 0 
7b6293806000-7b6293807000 r--s 00000000 00:28 319132                     /home/jediburrell/devel/install/graalvm-ce-19.0.0/jre/lib/management-agent.jar
7b6293807000-7b6293809000 r--s 0000c000 00:28 310271                     /home/jediburrell/devel/install/graalvm-ce-19.0.0/jre/lib/boot/graaljs-scriptengine.jar
7b6293809000-7b6293810000 r--s 00064000 00:28 310269                     /home/jediburrell/devel/install/graalvm-ce-19.0.0/jre/lib/boot/graal-sdk.jar
7b6293810000-7b6293811000 r--s 00005000 00:28 319217                     /home/jediburrell/devel/install/graalvm-ce-19.0.0/jre/lib/jvmci-services.jar
7b6293811000-7b6293819000 rw-s 00000000 00:28 1460152                    /tmp/hsperfdata_jediburrell/8628
7b6293819000-7b629381a000 rw-p 00000000 00:00 0 
7b629381a000-7b629381b000 ---p 00000000 00:00 0 
7b629381b000-7b629381c000 r--p 00023000 00:28 1808                       /lib/x86_64-linux-gnu/ld-2.24.so
7b629381c000-7b629381d000 rw-p 00024000 00:28 1808                       /lib/x86_64-linux-gnu/ld-2.24.so
7b629381d000-7b629381e000 rw-p 00000000 00:00 0 
7ffc8e04b000-7ffc8e06d000 rw-p 00000000 00:00 0                          [stack]
7ffc8e17f000-7ffc8e182000 r--p 00000000 00:00 0                          [vvar]
7ffc8e182000-7ffc8e184000 r-xp 00000000 00:00 0                          [vdso]
ffffffffff600000-ffffffffff601000 r-xp 00000000 00:00 0                  [vsyscall]

VM Arguments:
jvm_args: -javaagent:/home/jediburrell/install/idea-IC-191.7141.44/lib/idea_rt.jar=40053:/home/jediburrell/install/idea-IC-191.7141.44/bin -Dfile.encoding=UTF-8 
java_command: com.jediburrell.neosample.MainKt
java_class_path (initial): /home/jediburrell/devel/install/graalvm-ce-19.0.0/jre/lib/charsets.jar:/home/jediburrell/devel/install/graalvm-ce-19.0.0/jre/lib/ext/cldrdata.jar:/home/jediburrell/devel/install/graalvm-ce-19.0.0/jre/lib/ext/dnsns.jar:/home/jediburrell/devel/install/graalvm-ce-19.0.0/jre/lib/ext/jaccess.jar:/home/jediburrell/devel/install/graalvm-ce-19.0.0/jre/lib/ext/localedata.jar:/home/jediburrell/devel/install/graalvm-ce-19.0.0/jre/lib/ext/nashorn.jar:/home/jediburrell/devel/install/graalvm-ce-19.0.0/jre/lib/ext/sunec.jar:/home/jediburrell/devel/install/graalvm-ce-19.0.0/jre/lib/ext/sunjce_provider.jar:/home/jediburrell/devel/install/graalvm-ce-19.0.0/jre/lib/ext/sunpkcs11.jar:/home/jediburrell/devel/install/graalvm-ce-19.0.0/jre/lib/ext/zipfs.jar:/home/jediburrell/devel/install/graalvm-ce-19.0.0/jre/lib/jce.jar:/home/jediburrell/devel/install/graalvm-ce-19.0.0/jre/lib/jsse.jar:/home/jediburrell/devel/install/graalvm-ce-19.0.0/jre/lib/jvmci-services.jar:/home/jediburrell/devel/install/graalvm-ce-19.0.0/jre/lib/management-agent.jar:/home/jediburrell/devel/install/graalvm-ce-19.0.0/jre/lib/resources.jar:/home/jediburrell/devel/install/graalvm-ce-19.0.0/jre/lib/rt.jar:/home/jediburrell/devel/os/NeoW/out/production/sample:/home/jediburrell/install/idea-IC-191.7141.44/plugins/Kotlin/kotlinc/lib/kotlin-stdlib.jar:/home/jediburrell/install/idea-IC-191.7141.44/plugins/Kotlin/kotlinc/lib/kotlin-reflect.jar:/home/jediburrell/install/idea-IC-191.7141.44/plugins/Kotlin/kotlinc/lib/kotlin-test.jar:/home/jediburrell/install/idea-IC-191.7141.44/plugins/Kotlin/kotlinc/lib/kotlin-stdlib-jdk7.jar:/home/jediburrell/install/idea-IC-191.7141.44/plugins/Kotlin/kotlinc/lib/kotlin-stdlib-jdk8.jar:/home/jediburrell/devel/os/NeoW/out/production/desktop:/home/jediburrell/devel/os/NeoW/target/classes:/home/jediburrell/.m2/repository/org/lwjgl/lwjgl/3.2.3/lwjgl-3.2.3.jar:/home/jediburrell/.m2/repository/org/lwjgl/lwjgl-glfw/3.2.3/lwjgl-glfw-3.2.3.jar:/home/jediburrell/.m2/reposi
Launcher Type: SUN_STANDARD

Environment Variables:
PATH=/usr/local/sbin:/usr/local/bin:/usr/local/games:/usr/sbin:/usr/bin:/usr/games:/sbin:/bin
SHELL=/bin/bash
DISPLAY=:0

Signal Handlers:
SIGSEGV: [libjvm.so+0xb315b0], sa_mask[0]=11111111011111111101111111111110, sa_flags=SA_RESTART|SA_SIGINFO
SIGBUS: [libjvm.so+0xb315b0], sa_mask[0]=11111111011111111101111111111110, sa_flags=SA_RESTART|SA_SIGINFO
SIGFPE: [libjvm.so+0x96d440], sa_mask[0]=11111111011111111101111111111110, sa_flags=SA_RESTART|SA_SIGINFO
SIGPIPE: [libjvm.so+0x96d440], sa_mask[0]=11111111011111111101111111111110, sa_flags=SA_RESTART|SA_SIGINFO
SIGXFSZ: [libjvm.so+0x96d440], sa_mask[0]=11111111011111111101111111111110, sa_flags=SA_RESTART|SA_SIGINFO
SIGILL: [libjvm.so+0x96d440], sa_mask[0]=11111111011111111101111111111110, sa_flags=SA_RESTART|SA_SIGINFO
SIGUSR1: SIG_DFL, sa_mask[0]=00000000000000000000000000000000, sa_flags=none
SIGUSR2: [libjvm.so+0x96d310], sa_mask[0]=00100000000000000000000000000000, sa_flags=SA_RESTART|SA_SIGINFO
SIGHUP: [libjvm.so+0x96d930], sa_mask[0]=11111111011111111101111111111110, sa_flags=SA_RESTART|SA_SIGINFO
SIGINT: [libjvm.so+0x96d930], sa_mask[0]=11111111011111111101111111111110, sa_flags=SA_RESTART|SA_SIGINFO
SIGTERM: [libjvm.so+0x96d930], sa_mask[0]=11111111011111111101111111111110, sa_flags=SA_RESTART|SA_SIGINFO
SIGQUIT: [libjvm.so+0x96d930], sa_mask[0]=11111111011111111101111111111110, sa_flags=SA_RESTART|SA_SIGINFO


---------------  S Y S T E M  ---------------

OS:PRETTY_NAME="Debian GNU/Linux 9 (stretch)"
NAME="Debian GNU/Linux"
VERSION_ID="9"
VERSION="9 (stretch)"
ID=debian
HOME_URL="https://www.debian.org/"
SUPPORT_URL="https://www.debian.org/support"
BUG_REPORT_URL="https://bugs.debian.org/"

uname:Linux 4.19.69-06666-g6c4f8cbba24e #1 SMP PREEMPT Fri Sep 6 22:15:24 PDT 2019 x86_64
libc:glibc 2.24 NPTL 2.24 
rlimit: STACK 8192k, CORE 0k, NPROC 19789, NOFILE 1048576, AS infinity
load average:1.39 1.10 1.12

/proc/meminfo:
MemTotal:        5070976 kB
MemFree:          409164 kB
MemAvailable:    1010548 kB
Buffers:             172 kB
Cached:           833304 kB
SwapCached:            0 kB
Active:          3919232 kB
Inactive:         379388 kB
Active(anon):    3475576 kB
Inactive(anon):    30404 kB
Active(file):     443656 kB
Inactive(file):   348984 kB
Unevictable:           0 kB
Mlocked:               0 kB
SwapTotal:             0 kB
SwapFree:              0 kB
Dirty:             13944 kB
Writeback:             0 kB
AnonPages:       3465284 kB
Mapped:           258116 kB
Shmem:             41920 kB
Slab:             206496 kB
SReclaimable:      31736 kB
SUnreclaim:       174760 kB
KernelStack:        8064 kB
PageTables:        25840 kB
NFS_Unstable:          0 kB
Bounce:                0 kB
WritebackTmp:          0 kB
CommitLimit:     2535488 kB
Committed_AS:    6495764 kB
VmallocTotal:   34359738367 kB
VmallocUsed:           0 kB
VmallocChunk:          0 kB
Percpu:             1008 kB
AnonHugePages:         0 kB
ShmemHugePages:        0 kB
ShmemPmdMapped:        0 kB
HugePages_Total:       0
HugePages_Free:        0
HugePages_Rsvd:        0
HugePages_Surp:        0
Hugepagesize:       2048 kB
Hugetlb:               0 kB
DirectMap4k:       94208 kB
DirectMap2M:     5160960 kB
DirectMap1G:           0 kB

container (cgroup) information:
container_type: cgroupv1
cpu_cpuset_cpus: 0-3
cpu_memory_nodes: 0
active_processor_count: 4
cpu_quota: -1
cpu_period: 100000
cpu_shares: -1
memory_limit_in_bytes: -1
memory_and_swap_limit_in_bytes: -2
memory_soft_limit_in_bytes: -1
memory_usage_in_bytes: 4229230592
memory_max_usage_in_bytes: 4791709696


CPU:total 4 (initial active 4) (2 cores per cpu, 2 threads per core) family 6 model 142 stepping 9, cmov, cx8, fxsr, mmx, sse, sse2, sse3, ssse3, sse4.1, sse4.2, popcnt, avx, avx2, aes, clmul, erms, rtm, 3dnowpref, lzcnt, ht, tsc, tscinvbit, bmi1, bmi2, adx

/proc/cpuinfo:
processor	: 0
vendor_id	: GenuineIntel
cpu family	: 6
model		: 142
model name	: 06/8e
stepping	: 9
microcode	: 0x1
cpu MHz		: 1607.977
cache size	: 4096 KB
physical id	: 0
siblings	: 4
core id		: 0
cpu cores	: 1
apicid		: 0
initial apicid	: 0
fpu		: yes
fpu_exception	: yes
cpuid level	: 13
wp		: yes
flags		: fpu vme de pse tsc msr pae mce cx8 apic sep mtrr pge mca cmov pat pse36 clflush mmx fxsr sse sse2 ss ht syscall nx pdpe1gb rdtscp lm constant_tsc arch_perfmon rep_good nopl xtopology nonstop_tsc cpuid tsc_known_freq pni pclmulqdq ssse3 fma cx16 pcid sse4_1 sse4_2 x2apic movbe popcnt aes xsave avx f16c rdrand hypervisor lahf_lm abm 3dnowprefetch invpcid_single pti ssbd ibrs ibpb stibp fsgsbase tsc_adjust bmi1 hle avx2 smep bmi2 erms invpcid rtm mpx rdseed adx smap clflushopt xsaveopt xsavec xgetbv1 arat md_clear
bugs		: cpu_meltdown spectre_v1 spectre_v2 spec_store_bypass l1tf mds swapgs
bogomips	: 3215.95
clflush size	: 64
cache_alignment	: 64
address sizes	: 39 bits physical, 48 bits virtual
power management:

processor	: 1
vendor_id	: GenuineIntel
cpu family	: 6
model		: 142
model name	: 06/8e
stepping	: 9
microcode	: 0x1
cpu MHz		: 1607.977
cache size	: 4096 KB
physical id	: 0
siblings	: 4
core id		: 0
cpu cores	: 1
apicid		: 0
initial apicid	: 0
fpu		: yes
fpu_exception	: yes
cpuid level	: 13
wp		: yes
flags		: fpu vme de pse tsc msr pae mce cx8 apic sep mtrr pge mca cmov pat pse36 clflush mmx fxsr sse sse2 ss ht syscall nx pdpe1gb rdtscp lm constant_tsc arch_perfmon rep_good nopl xtopology nonstop_tsc cpuid tsc_known_freq pni pclmulqdq ssse3 fma cx16 pcid sse4_1 sse4_2 x2apic movbe popcnt aes xsave avx f16c rdrand hypervisor lahf_lm abm 3dnowprefetch invpcid_single pti ssbd ibrs ibpb stibp fsgsbase tsc_adjust bmi1 hle avx2 smep bmi2 erms invpcid rtm mpx rdseed adx smap clflushopt xsaveopt xsavec xgetbv1 arat md_clear
bugs		: cpu_meltdown spectre_v1 spectre_v2 spec_store_bypass l1tf mds swapgs
bogomips	: 3215.95
clflush size	: 64
cache_alignment	: 64
address sizes	: 39 bits physical, 48 bits virtual
power management:

processor	: 2
vendor_id	: GenuineIntel
cpu family	: 6
model		: 142
model name	: 06/8e
stepping	: 9
microcode	: 0x1
cpu MHz		: 1607.977
cache size	: 4096 KB
physical id	: 0
siblings	: 4
core id		: 0
cpu cores	: 1
apicid		: 0
initial apicid	: 0
fpu		: yes
fpu_exception	: yes
cpuid level	: 13
wp		: yes
flags		: fpu vme de pse tsc msr pae mce cx8 apic sep mtrr pge mca cmov pat pse36 clflush mmx fxsr sse sse2 ss ht syscall nx pdpe1gb rdtscp lm constant_tsc arch_perfmon rep_good nopl xtopology nonstop_tsc cpuid tsc_known_freq pni pclmulqdq ssse3 fma cx16 pcid sse4_1 sse4_2 x2apic movbe popcnt aes xsave avx f16c rdrand hypervisor lahf_lm abm 3dnowprefetch invpcid_single pti ssbd ibrs ibpb stibp fsgsbase tsc_adjust bmi1 hle avx2 smep bmi2 erms invpcid rtm mpx rdseed adx smap clflushopt xsaveopt xsavec xgetbv1 arat md_clear
bugs		: cpu_meltdown spectre_v1 spectre_v2 spec_store_bypass l1tf mds swapgs
bogomips	: 3215.95
clflush size	: 64
cache_alignment	: 64
address sizes	: 39 bits physical, 48 bits virtual
power management:

processor	: 3
vendor_id	: GenuineIntel
cpu family	: 6
model		: 142
model name	: 06/8e
stepping	: 9
microcode	: 0x1
cpu MHz		: 1607.977
cache size	: 4096 KB
physical id	: 0
siblings	: 4
core id		: 0
cpu cores	: 1
apicid		: 0
initial apicid	: 0
fpu		: yes
fpu_exception	: yes
cpuid level	: 13
wp		: yes
flags		: fpu vme de pse tsc msr pae mce cx8 apic sep mtrr pge mca cmov pat pse36 clflush mmx fxsr sse sse2 ss ht syscall nx pdpe1gb rdtscp lm constant_tsc arch_perfmon rep_good nopl xtopology nonstop_tsc cpuid tsc_known_freq pni pclmulqdq ssse3 fma cx16 pcid sse4_1 sse4_2 x2apic movbe popcnt aes xsave avx f16c rdrand hypervisor lahf_lm abm 3dnowprefetch invpcid_single pti ssbd ibrs ibpb stibp fsgsbase tsc_adjust bmi1 hle avx2 smep bmi2 erms invpcid rtm mpx rdseed adx smap clflushopt xsaveopt xsavec xgetbv1 arat md_clear
bugs		: cpu_meltdown spectre_v1 spectre_v2 spec_store_bypass l1tf mds swapgs
bogomips	: 3215.95
clflush size	: 64
cache_alignment	: 64
address sizes	: 39 bits physical, 48 bits virtual
power management:



Memory: 4k page, physical 5070976k(408912k free), swap 0k(0k free)

vm_info: OpenJDK GraalVM CE 19.0.0 (25.212-b03-jvmci-19-b01) for linux-amd64 JRE (8u212), built on Apr 30 2019 15:34:31 by "buildslave" with gcc 7.3.0

time: Sun Sep 22 02:06:16 2019
timezone: EDT
elapsed time: 1 seconds (0d 0h 0m 1s)

